<?xml version="1.0" encoding="UTF-8"?>
<!-- Generated by org.testng.reporters.JUnitReportReporter -->
<testsuite hostname="Nemi" failures="0" tests="1" name="extentreports.ToAddScreenshotIntoReport" time="5.552" errors="0" timestamp="2025-05-06T16:10:21 IST" skipped="0">
  <testcase classname="extentreports.ToAddScreenshotIntoReport" name="addScreenshot" time="5.552"/>
</testsuite> <!-- extentreports.ToAddScreenshotIntoReport -->
