<?xml version="1.0" encoding="UTF-8"?>
<!-- Generated by org.testng.reporters.JUnitReportReporter -->
<testsuite hostname="Nemi" failures="0" tests="1" name="extentreports.ToLearnextentreports" time="0.733" errors="0" timestamp="2025-05-06T15:49:34 IST" skipped="0">
  <testcase classname="extentreports.ToLearnextentreports" name="createreport" time="0.733"/>
</testsuite> <!-- extentreports.ToLearnextentreports -->
